0 info it worked if it ends with ok
1 verbose cli [ 'E:\\laragon\\bin\\nodejs\\node-v6.11.0-x64\\node.exe',
1 verbose cli   'E:\\laragon\\bin\\nodejs\\node-v6.11.0-x64\\node_modules\\npm\\bin\\npm-cli.js',
1 verbose cli   'start' ]
2 info using npm@3.10.10
3 info using node@v6.11.0
4 verbose run-script [ 'prestart', 'start', 'poststart' ]
5 info lifecycle cartclient@1.0.0~prestart: cartclient@1.0.0
6 silly lifecycle cartclient@1.0.0~prestart: no script for prestart, continuing
7 info lifecycle cartclient@1.0.0~start: cartclient@1.0.0
8 verbose lifecycle cartclient@1.0.0~start: unsafe-perm in lifecycle true
9 verbose lifecycle cartclient@1.0.0~start: PATH: E:\laragon\bin\nodejs\node-v6.11.0-x64\node_modules\npm\bin\node-gyp-bin;E:\laragon\www\cartclient\node_modules\.bin;C:\Users\acer\AppData\Local\Yarn\config\global\node_modules\.bin;C:\Users\acer\AppData\Roaming\npm;C:\Users\acer\AppData\Roaming\Composer\vendor\bin;;E:\laragon\bin\laragon\utils;E:\laragon\bin\mysql\mysql-5.7.19-winx64\bin;E:\laragon\bin\php\php-7.1.7-Win32-VC14-x64;E:\laragon\bin\composer;E:\laragon\bin\apache\httpd-2.4.27-win64-VC14\bin;E:\laragon\bin\redis\redis-x64-3.2.100;E:\laragon\bin\nodejs\node-v6.11.0-x64;E:\laragon\bin\yarn\bin;E:\laragon\bin\nginx\nginx-1.12.0;E:\laragon\bin\notepad++;E:\laragon\bin\telnet;E:\laragon\bin\ngrok;E:\laragon\bin\git\bin;E:\laragon\bin\git\cmd;E:\laragon\bin\git\usr\bin;E:\laragon\bin\git\mingw64\bin;E:\laragon\bin;E:\laragon\usr\bin;E:\laragon\bin\putty;E:\laragon\bin\cmder\bin;E:\laragon\bin\cmder\vendor\conemu-maximus5\ConEmu\Scripts;E:\laragon\bin\cmder\vendor\conemu-maximus5;E:\laragon\bin\cmder\vendor\conemu-maximus5\ConEmu;C:\Program Files (x86)\NVIDIA Corporation\PhysX\Common;C:\Program Files (x86)\Intel\iCLS Client\;C:\Program Files\Intel\iCLS Client\;C:\WINDOWS\system32;C:\WINDOWS;C:\WINDOWS\System32\Wbem;C:\WINDOWS\System32\WindowsPowerShell\v1.0\;C:\Program Files (x86)\Intel\OpenCL SDK\2.0\bin\x86;C:\Program Files (x86)\Intel\OpenCL SDK\2.0\bin\x64;C:\Program Files\Intel\Intel(R) Management Engine Components\DAL;C:\Program Files\Intel\Intel(R) Management Engine Components\IPT;C:\Program Files (x86)\Intel\Intel(R) Management Engine Components\DAL;C:\Program Files (x86)\Intel\Intel(R) Management Engine Components\IPT;C:\Program Files\Microsoft SQL Server\110\Tools\Binn\;E:\laragon\bin\cmder\;
10 verbose lifecycle cartclient@1.0.0~start: CWD: E:\laragon\www\cartclient
11 silly lifecycle cartclient@1.0.0~start: Args: [ '/d /s /c', 'nuxt start' ]
12 silly lifecycle cartclient@1.0.0~start: Returned: code: 1  signal: null
13 info lifecycle cartclient@1.0.0~start: Failed to exec start script
14 verbose stack Error: cartclient@1.0.0 start: `nuxt start`
14 verbose stack Exit status 1
14 verbose stack     at EventEmitter.<anonymous> (E:\laragon\bin\nodejs\node-v6.11.0-x64\node_modules\npm\lib\utils\lifecycle.js:255:16)
14 verbose stack     at emitTwo (events.js:106:13)
14 verbose stack     at EventEmitter.emit (events.js:191:7)
14 verbose stack     at ChildProcess.<anonymous> (E:\laragon\bin\nodejs\node-v6.11.0-x64\node_modules\npm\lib\utils\spawn.js:40:14)
14 verbose stack     at emitTwo (events.js:106:13)
14 verbose stack     at ChildProcess.emit (events.js:191:7)
14 verbose stack     at maybeClose (internal/child_process.js:891:16)
14 verbose stack     at Process.ChildProcess._handle.onexit (internal/child_process.js:226:5)
15 verbose pkgid cartclient@1.0.0
16 verbose cwd E:\laragon\www\cartclient
17 error Windows_NT 6.3.9600
18 error argv "E:\\laragon\\bin\\nodejs\\node-v6.11.0-x64\\node.exe" "E:\\laragon\\bin\\nodejs\\node-v6.11.0-x64\\node_modules\\npm\\bin\\npm-cli.js" "start"
19 error node v6.11.0
20 error npm  v3.10.10
21 error code ELIFECYCLE
22 error cartclient@1.0.0 start: `nuxt start`
22 error Exit status 1
23 error Failed at the cartclient@1.0.0 start script 'nuxt start'.
23 error Make sure you have the latest version of node.js and npm installed.
23 error If you do, this is most likely a problem with the cartclient package,
23 error not with npm itself.
23 error Tell the author that this fails on your system:
23 error     nuxt start
23 error You can get information on how to open an issue for this project with:
23 error     npm bugs cartclient
23 error Or if that isn't available, you can get their info via:
23 error     npm owner ls cartclient
23 error There is likely additional logging output above.
24 verbose exit [ 1, true ]
